RUN	simulations.dummy	dummy	1622529575051	 	3.5.0
USER	Load Test	START	1622529578380
REQUEST		get1	1622529578404	1622529578720	OK	 
USER	Load Test	END	1622529578811
USER	Load Test	START	1622529578812
REQUEST		get1	1622529578812	1622529579331	OK	 
USER	Load Test	END	1622529579332
USER	Load Test	START	1622529579333
REQUEST		get1	1622529579333	1622529579630	OK	 
USER	Load Test	END	1622529579631
USER	Load Test	START	1622529579632
REQUEST		get1	1622529579632	1622529580145	OK	 
USER	Load Test	END	1622529580146
USER	Load Test	START	1622529580148
REQUEST		get1	1622529580148	1622529580626	OK	 
USER	Load Test	END	1622529580626
USER	Load Test	START	1622529580627
REQUEST		get1	1622529580627	1622529581187	OK	 
USER	Load Test	END	1622529581188
USER	Load Test	START	1622529581189
USER	Load Test	START	1622529581381
REQUEST		get1	1622529581189	1622529581488	OK	 
USER	Load Test	END	1622529581489
USER	Load Test	START	1622529581490
REQUEST		get1	1622529581382	1622529581719	OK	 
USER	Load Test	END	1622529581720
USER	Load Test	START	1622529581721
REQUEST		get1	1622529581490	1622529581765	OK	 
USER	Load Test	END	1622529581766
USER	Load Test	START	1622529581767
REQUEST		get1	1622529581721	1622529582163	OK	 
USER	Load Test	END	1622529582164
USER	Load Test	START	1622529582165
REQUEST		get1	1622529581768	1622529582305	OK	 
USER	Load Test	END	1622529582306
USER	Load Test	START	1622529582306
REQUEST		get1	1622529582166	1622529582679	OK	 
USER	Load Test	END	1622529582679
USER	Load Test	START	1622529582680
REQUEST		get1	1622529582307	1622529582840	OK	 
USER	Load Test	END	1622529582841
USER	Load Test	START	1622529582841
REQUEST		get1	1622529582681	1622529583204	OK	 
USER	Load Test	END	1622529583204
USER	Load Test	START	1622529583205
REQUEST		get1	1622529582842	1622529583344	OK	 
USER	Load Test	END	1622529583345
USER	Load Test	START	1622529583346
REQUEST		get1	1622529583206	1622529583725	OK	 
USER	Load Test	END	1622529583726
USER	Load Test	START	1622529583727
REQUEST		get1	1622529583346	1622529583897	OK	 
USER	Load Test	END	1622529583898
USER	Load Test	START	1622529583898
REQUEST		get1	1622529583728	1622529584251	OK	 
USER	Load Test	END	1622529584252
USER	Load Test	START	1622529584253
USER	Load Test	START	1622529584373
REQUEST		get1	1622529583899	1622529584389	OK	 
USER	Load Test	END	1622529584390
USER	Load Test	START	1622529584391
REQUEST		get1	1622529584253	1622529584713	OK	 
USER	Load Test	END	1622529584714
USER	Load Test	START	1622529584715
REQUEST		get1	1622529584373	1622529584865	OK	 
REQUEST		get1	1622529584392	1622529584865	OK	 
USER	Load Test	END	1622529584865
USER	Load Test	END	1622529584865
USER	Load Test	START	1622529584866
USER	Load Test	START	1622529584866
REQUEST		get1	1622529584867	1622529585244	OK	 
REQUEST		get1	1622529584715	1622529585244	OK	 
USER	Load Test	END	1622529585245
USER	Load Test	END	1622529585245
USER	Load Test	START	1622529585246
USER	Load Test	START	1622529585246
REQUEST		get1	1622529584867	1622529585416	OK	 
USER	Load Test	END	1622529585416
USER	Load Test	START	1622529585417
REQUEST		get1	1622529585246	1622529585761	OK	 
REQUEST		get1	1622529585246	1622529585761	OK	 
USER	Load Test	END	1622529585762
USER	Load Test	END	1622529585762
USER	Load Test	START	1622529585763
USER	Load Test	START	1622529585763
REQUEST		get1	1622529585417	1622529585911	OK	 
USER	Load Test	END	1622529585912
USER	Load Test	START	1622529585913
REQUEST		get1	1622529585763	1622529586040	OK	 
USER	Load Test	END	1622529586041
USER	Load Test	START	1622529586041
REQUEST		get1	1622529585763	1622529586056	OK	 
USER	Load Test	END	1622529586057
USER	Load Test	START	1622529586057
REQUEST		get1	1622529585913	1622529586283	OK	 
USER	Load Test	END	1622529586283
USER	Load Test	START	1622529586284
REQUEST		get1	1622529586057	1622529586437	OK	 
REQUEST		get1	1622529586041	1622529586437	OK	 
USER	Load Test	END	1622529586438
USER	Load Test	END	1622529586438
USER	Load Test	START	1622529586438
USER	Load Test	START	1622529586439
REQUEST		get1	1622529586284	1622529586574	OK	 
USER	Load Test	END	1622529586575
USER	Load Test	START	1622529586576
REQUEST		get1	1622529586439	1622529586811	OK	 
REQUEST		get1	1622529586439	1622529586811	OK	 
USER	Load Test	END	1622529586811
USER	Load Test	END	1622529586811
USER	Load Test	START	1622529586812
USER	Load Test	START	1622529586812
REQUEST		get1	1622529586576	1622529586951	OK	 
USER	Load Test	END	1622529586952
USER	Load Test	START	1622529586952
REQUEST		get1	1622529586812	1622529587109	OK	 
REQUEST		get1	1622529586812	1622529587109	OK	 
USER	Load Test	END	1622529587110
USER	Load Test	END	1622529587110
USER	Load Test	START	1622529587110
USER	Load Test	START	1622529587110
USER	Load Test	START	1622529587371
REQUEST		get1	1622529586952	1622529587483	OK	 
USER	Load Test	END	1622529587484
USER	Load Test	START	1622529587485
REQUEST		get1	1622529587111	1622529587627	OK	 
REQUEST		get1	1622529587111	1622529587627	OK	 
USER	Load Test	END	1622529587628
USER	Load Test	END	1622529587628
USER	Load Test	START	1622529587628
USER	Load Test	START	1622529587628
REQUEST		get1	1622529587485	1622529587857	OK	 
REQUEST		get1	1622529587372	1622529587857	OK	 
USER	Load Test	END	1622529587858
USER	Load Test	END	1622529587858
USER	Load Test	START	1622529587858
USER	Load Test	START	1622529587858
REQUEST		get1	1622529587629	1622529588011	OK	 
REQUEST		get1	1622529587629	1622529588011	OK	 
USER	Load Test	END	1622529588012
USER	Load Test	END	1622529588012
USER	Load Test	START	1622529588013
USER	Load Test	START	1622529588013
REQUEST		get1	1622529587859	1622529588152	OK	 
REQUEST		get1	1622529587859	1622529588152	OK	 
USER	Load Test	END	1622529588153
USER	Load Test	END	1622529588153
USER	Load Test	START	1622529588153
USER	Load Test	START	1622529588154
REQUEST		get1	1622529588013	1622529588379	OK	 
USER	Load Test	END	1622529588380
USER	Load Test	START	1622529588381
REQUEST		get1	1622529588154	1622529588520	OK	 
REQUEST		get1	1622529588154	1622529588521	OK	 
USER	Load Test	END	1622529588521
USER	Load Test	END	1622529588522
USER	Load Test	START	1622529588522
USER	Load Test	START	1622529588522
REQUEST		get1	1622529588013	1622529588540	OK	 
USER	Load Test	END	1622529588541
USER	Load Test	START	1622529588541
REQUEST		get1	1622529588381	1622529588658	OK	 
USER	Load Test	END	1622529588658
USER	Load Test	START	1622529588659
REQUEST		get1	1622529588542	1622529589041	OK	 
USER	Load Test	END	1622529589042
REQUEST		get1	1622529588659	1622529589041	OK	 
REQUEST		get1	1622529588523	1622529589041	OK	 
USER	Load Test	END	1622529589042
USER	Load Test	END	1622529589042
USER	Load Test	START	1622529589042
USER	Load Test	START	1622529589043
USER	Load Test	START	1622529589042
REQUEST		get1	1622529588522	1622529589052	OK	 
USER	Load Test	END	1622529589053
USER	Load Test	START	1622529589053
REQUEST		get1	1622529589042	1622529589428	OK	 
REQUEST		get1	1622529589053	1622529589428	OK	 
REQUEST		get1	1622529589043	1622529589428	OK	 
REQUEST		get1	1622529589043	1622529589428	OK	 
USER	Load Test	END	1622529589429
USER	Load Test	END	1622529589429
USER	Load Test	END	1622529589429
USER	Load Test	END	1622529589429
USER	Load Test	START	1622529589429
USER	Load Test	START	1622529589430
USER	Load Test	START	1622529589430
USER	Load Test	START	1622529589430
REQUEST		get1	1622529589430	1622529589716	OK	 
USER	Load Test	END	1622529589717
USER	Load Test	START	1622529589718
REQUEST		get1	1622529589430	1622529589724	OK	 
REQUEST		get1	1622529589430	1622529589724	OK	 
USER	Load Test	END	1622529589725
USER	Load Test	END	1622529589725
USER	Load Test	START	1622529589725
USER	Load Test	START	1622529589725
REQUEST		get1	1622529589430	1622529589726	OK	 
USER	Load Test	END	1622529589726
USER	Load Test	START	1622529589727
REQUEST		get1	1622529589718	1622529589990	OK	 
USER	Load Test	END	1622529589991
USER	Load Test	START	1622529589992
REQUEST		get1	1622529589725	1622529590005	OK	 
REQUEST		get1	1622529589725	1622529590005	OK	 
USER	Load Test	END	1622529590006
USER	Load Test	END	1622529590006
USER	Load Test	START	1622529590006
USER	Load Test	START	1622529590006
REQUEST		get1	1622529589727	1622529590033	OK	 
USER	Load Test	END	1622529590034
USER	Load Test	START	1622529590034
USER	Load Test	START	1622529590371
REQUEST		get1	1622529590006	1622529590476	OK	 
REQUEST		get1	1622529590034	1622529590476	OK	 
REQUEST		get1	1622529590006	1622529590476	OK	 
REQUEST		get1	1622529589992	1622529590476	OK	 
USER	Load Test	END	1622529590477
USER	Load Test	END	1622529590477
USER	Load Test	END	1622529590477
USER	Load Test	END	1622529590477
USER	Load Test	START	1622529590478
USER	Load Test	START	1622529590478
USER	Load Test	START	1622529590478
USER	Load Test	START	1622529590479
REQUEST		get1	1622529590478	1622529590763	OK	 
USER	Load Test	END	1622529590764
USER	Load Test	START	1622529590765
REQUEST		get1	1622529590479	1622529590778	OK	 
USER	Load Test	END	1622529590779
USER	Load Test	START	1622529590779
REQUEST		get1	1622529590479	1622529591070	OK	 
REQUEST		get1	1622529590479	1622529591070	OK	 
REQUEST		get1	1622529590372	1622529591070	OK	 
USER	Load Test	END	1622529591071
USER	Load Test	END	1622529591071
USER	Load Test	END	1622529591071
USER	Load Test	START	1622529591072
USER	Load Test	START	1622529591072
USER	Load Test	START	1622529591072
REQUEST		get1	1622529590765	1622529591237	OK	 
USER	Load Test	END	1622529591237
USER	Load Test	START	1622529591238
REQUEST		get1	1622529590780	1622529591613	OK	 
REQUEST		get1	1622529591072	1622529591613	OK	 
REQUEST		get1	1622529591073	1622529591613	OK	 
REQUEST		get1	1622529591072	1622529591613	OK	 
USER	Load Test	END	1622529591614
USER	Load Test	END	1622529591614
USER	Load Test	END	1622529591614
USER	Load Test	END	1622529591614
USER	Load Test	START	1622529591614
USER	Load Test	START	1622529591614
USER	Load Test	START	1622529591614
USER	Load Test	START	1622529591615
REQUEST		get1	1622529591238	1622529591767	OK	 
USER	Load Test	END	1622529591767
USER	Load Test	START	1622529591768
REQUEST		get1	1622529591615	1622529592118	OK	 
REQUEST		get1	1622529591615	1622529592118	OK	 
REQUEST		get1	1622529591615	1622529592119	OK	 
REQUEST		get1	1622529591614	1622529592119	OK	 
USER	Load Test	END	1622529592119
USER	Load Test	END	1622529592119
USER	Load Test	END	1622529592119
USER	Load Test	END	1622529592119
USER	Load Test	START	1622529592120
USER	Load Test	START	1622529592119
USER	Load Test	START	1622529592120
USER	Load Test	START	1622529592120
REQUEST		get1	1622529591768	1622529592293	OK	 
USER	Load Test	END	1622529592294
USER	Load Test	START	1622529592294
REQUEST		get1	1622529592120	1622529592638	OK	 
REQUEST		get1	1622529592120	1622529592638	OK	 
USER	Load Test	END	1622529592639
REQUEST		get1	1622529592120	1622529592639	OK	 
REQUEST		get1	1622529592120	1622529592639	OK	 
USER	Load Test	END	1622529592639
USER	Load Test	END	1622529592639
USER	Load Test	END	1622529592640
USER	Load Test	START	1622529592640
USER	Load Test	START	1622529592640
USER	Load Test	START	1622529592640
USER	Load Test	START	1622529592640
REQUEST		get1	1622529592294	1622529592779	OK	 
USER	Load Test	END	1622529592780
USER	Load Test	START	1622529592781
REQUEST		get1	1622529592640	1622529593174	OK	 
REQUEST		get1	1622529592640	1622529593174	OK	 
REQUEST		get1	1622529592640	1622529593174	OK	 
REQUEST		get1	1622529592640	1622529593174	OK	 
USER	Load Test	END	1622529593174
USER	Load Test	END	1622529593174
USER	Load Test	END	1622529593175
USER	Load Test	END	1622529593175
USER	Load Test	START	1622529593175
USER	Load Test	START	1622529593176
USER	Load Test	START	1622529593176
USER	Load Test	START	1622529593176
REQUEST		get1	1622529592781	1622529593335	OK	 
USER	Load Test	END	1622529593336
USER	Load Test	START	1622529593337
USER	Load Test	START	1622529593372
REQUEST		get1	1622529593176	1622529593623	OK	 
REQUEST		get1	1622529593176	1622529593623	OK	 
REQUEST		get1	1622529593176	1622529593623	OK	 
REQUEST		get1	1622529593176	1622529593623	OK	 
USER	Load Test	END	1622529593623
USER	Load Test	END	1622529593623
USER	Load Test	END	1622529593623
USER	Load Test	END	1622529593623
USER	Load Test	START	1622529593624
USER	Load Test	START	1622529593624
USER	Load Test	START	1622529593624
USER	Load Test	START	1622529593624
REQUEST		get1	1622529593372	1622529593766	OK	 
REQUEST		get1	1622529593337	1622529593766	OK	 
USER	Load Test	END	1622529593767
USER	Load Test	END	1622529593767
USER	Load Test	START	1622529593767
USER	Load Test	START	1622529593767
REQUEST		get1	1622529593624	1622529593888	OK	 
USER	Load Test	END	1622529593889
USER	Load Test	START	1622529593890
REQUEST		get1	1622529593624	1622529593901	OK	 
REQUEST		get1	1622529593624	1622529593901	OK	 
USER	Load Test	END	1622529593901
USER	Load Test	END	1622529593901
USER	Load Test	START	1622529593901
USER	Load Test	START	1622529593902
REQUEST		get1	1622529593624	1622529593914	OK	 
USER	Load Test	END	1622529593915
USER	Load Test	START	1622529593915
REQUEST		get1	1622529593767	1622529594146	OK	 
REQUEST		get1	1622529593767	1622529594146	OK	 
USER	Load Test	END	1622529594147
USER	Load Test	END	1622529594147
USER	Load Test	START	1622529594148
USER	Load Test	START	1622529594148
REQUEST		get1	1622529593902	1622529594301	OK	 
USER	Load Test	END	1622529594302
REQUEST		get1	1622529593902	1622529594302	OK	 
REQUEST		get1	1622529593890	1622529594302	OK	 
REQUEST		get1	1622529593916	1622529594302	OK	 
USER	Load Test	END	1622529594303
USER	Load Test	END	1622529594303
USER	Load Test	END	1622529594303
USER	Load Test	START	1622529594303
USER	Load Test	START	1622529594304
USER	Load Test	START	1622529594304
USER	Load Test	START	1622529594304
REQUEST		get1	1622529594149	1622529594444	OK	 
USER	Load Test	END	1622529594444
USER	Load Test	START	1622529594445
REQUEST		get1	1622529594304	1622529594670	OK	 
REQUEST		get1	1622529594303	1622529594670	OK	 
REQUEST		get1	1622529594304	1622529594671	OK	 
REQUEST		get1	1622529594304	1622529594671	OK	 
REQUEST		get1	1622529594149	1622529594671	OK	 
USER	Load Test	END	1622529594671
USER	Load Test	END	1622529594671
USER	Load Test	END	1622529594671
USER	Load Test	END	1622529594671
USER	Load Test	END	1622529594671
USER	Load Test	START	1622529594672
USER	Load Test	START	1622529594672
USER	Load Test	START	1622529594672
USER	Load Test	START	1622529594672
USER	Load Test	START	1622529594672
REQUEST		get1	1622529594445	1622529594810	OK	 
USER	Load Test	END	1622529594811
USER	Load Test	START	1622529594812
REQUEST		get1	1622529594672	1622529594949	OK	 
USER	Load Test	END	1622529594950
USER	Load Test	START	1622529594951
REQUEST		get1	1622529594672	1622529594975	OK	 
REQUEST		get1	1622529594672	1622529594975	OK	 
REQUEST		get1	1622529594672	1622529594975	OK	 
USER	Load Test	END	1622529594975
USER	Load Test	END	1622529594975
USER	Load Test	END	1622529594976
USER	Load Test	START	1622529594976
USER	Load Test	START	1622529594976
USER	Load Test	START	1622529594976
REQUEST		get1	1622529594672	1622529595195	OK	 
REQUEST		get1	1622529594812	1622529595195	OK	 
USER	Load Test	END	1622529595196
USER	Load Test	END	1622529595196
USER	Load Test	START	1622529595196
USER	Load Test	START	1622529595197
REQUEST		get1	1622529594951	1622529595342	OK	 
USER	Load Test	END	1622529595343
USER	Load Test	START	1622529595343
REQUEST		get1	1622529595197	1622529595467	OK	 
USER	Load Test	END	1622529595468
USER	Load Test	START	1622529595468
REQUEST		get1	1622529594976	1622529595476	OK	 
USER	Load Test	END	1622529595476
USER	Load Test	START	1622529595476
REQUEST		get1	1622529594976	1622529595485	OK	 
REQUEST		get1	1622529594976	1622529595485	OK	 
USER	Load Test	END	1622529595485
USER	Load Test	END	1622529595485
USER	Load Test	START	1622529595485
USER	Load Test	START	1622529595486
REQUEST		get1	1622529595197	1622529595492	OK	 
USER	Load Test	END	1622529595492
USER	Load Test	START	1622529595493
REQUEST		get1	1622529595343	1622529595719	OK	 
USER	Load Test	END	1622529595719
USER	Load Test	START	1622529595720
REQUEST		get1	1622529595477	1622529595872	OK	 
REQUEST		get1	1622529595486	1622529595872	OK	 
REQUEST		get1	1622529595493	1622529595872	OK	 
REQUEST		get1	1622529595468	1622529595872	OK	 
REQUEST		get1	1622529595486	1622529595872	OK	 
USER	Load Test	END	1622529595872
USER	Load Test	END	1622529595872
USER	Load Test	END	1622529595872
USER	Load Test	END	1622529595872
USER	Load Test	END	1622529595872
USER	Load Test	START	1622529595873
USER	Load Test	START	1622529595873
USER	Load Test	START	1622529595873
USER	Load Test	START	1622529595873
USER	Load Test	START	1622529595873
REQUEST		